This is pdfTeX, Version 3.14159265-2.6-1.40.18 (TeX Live 2017/Debian) (preloaded format=pdflatex 2019.1.27)  18 FEB 2019 17:06
entering extended mode
 restricted \write18 enabled.
 %&-line parsing enabled.
**a2.tex
(./a2.tex
LaTeX2e <2017-04-15>
Babel <3.18> and hyphenation patterns for 3 language(s) loaded.
(/usr/share/texlive/texmf-dist/tex/latex/base/article.cls
Document Class: article 2014/09/29 v1.4h Standard LaTeX document class
(/usr/share/texlive/texmf-dist/tex/latex/base/size11.clo
File: size11.clo 2014/09/29 v1.4h Standard LaTeX file (size option)
)
\c@part=\count79
\c@section=\count80
\c@subsection=\count81
\c@subsubsection=\count82
\c@paragraph=\count83
\c@subparagraph=\count84
\c@figure=\count85
\c@table=\count86
\abovecaptionskip=\skip41
\belowcaptionskip=\skip42
\bibindent=\dimen102
)
(/usr/share/texlive/texmf-dist/tex/latex/graphics/graphicx.sty
Package: graphicx 2017/06/01 v1.1a Enhanced LaTeX Graphics (DPC,SPQR)

(/usr/share/texlive/texmf-dist/tex/latex/graphics/keyval.sty
Package: keyval 2014/10/28 v1.15 key=value parser (DPC)
\KV@toks@=\toks14
)
(/usr/share/texlive/texmf-dist/tex/latex/graphics/graphics.sty
Package: graphics 2017/06/25 v1.2c Standard LaTeX Graphics (DPC,SPQR)

(/usr/share/texlive/texmf-dist/tex/latex/graphics/trig.sty
Package: trig 2016/01/03 v1.10 sin cos tan (DPC)
)
(/usr/share/texlive/texmf-dist/tex/latex/graphics-cfg/graphics.cfg
File: graphics.cfg 2016/06/04 v1.11 sample graphics configuration
)
Package graphics Info: Driver file: pdftex.def on input line 99.

(/usr/share/texlive/texmf-dist/tex/latex/graphics-def/pdftex.def
File: pdftex.def 2018/01/08 v1.0l Graphics/color driver for pdftex
))
\Gin@req@height=\dimen103
\Gin@req@width=\dimen104
)
(/usr/share/texlive/texmf-dist/tex/latex/float/float.sty
Package: float 2001/11/08 v1.3d Float enhancements (AL)
\c@float@type=\count87
\float@exts=\toks15
\float@box=\box26
\@float@everytoks=\toks16
\@floatcapt=\box27
)
(/usr/share/texlive/texmf-dist/tex/latex/listings/listings.sty
\lst@mode=\count88
\lst@gtempboxa=\box28
\lst@token=\toks17
\lst@length=\count89
\lst@currlwidth=\dimen105
\lst@column=\count90
\lst@pos=\count91
\lst@lostspace=\dimen106
\lst@width=\dimen107
\lst@newlines=\count92
\lst@lineno=\count93
\lst@maxwidth=\dimen108

(/usr/share/texlive/texmf-dist/tex/latex/listings/lstmisc.sty
File: lstmisc.sty 2015/06/04 1.6 (Carsten Heinz)
\c@lstnumber=\count94
\lst@skipnumbers=\count95
\lst@framebox=\box29
)
(/usr/share/texlive/texmf-dist/tex/latex/listings/listings.cfg
File: listings.cfg 2015/06/04 1.6 listings configuration
))
Package: listings 2015/06/04 1.6 (Carsten Heinz)

(/usr/share/texlive/texmf-dist/tex/latex/graphics/color.sty
Package: color 2016/07/10 v1.1e Standard LaTeX Color (DPC)

(/usr/share/texlive/texmf-dist/tex/latex/graphics-cfg/color.cfg
File: color.cfg 2016/01/02 v1.6 sample color configuration
)
Package color Info: Driver file: pdftex.def on input line 147.
)
(/usr/share/texlive/texmf-dist/tex/latex/listings/lstlang1.sty
File: lstlang1.sty 2015/06/04 1.6 listings language file
) (./a2.aux)
\openout1 = `a2.aux'.

LaTeX Font Info:    Checking defaults for OML/cmm/m/it on input line 45.
LaTeX Font Info:    ... okay on input line 45.
LaTeX Font Info:    Checking defaults for T1/cmr/m/n on input line 45.
LaTeX Font Info:    ... okay on input line 45.
LaTeX Font Info:    Checking defaults for OT1/cmr/m/n on input line 45.
LaTeX Font Info:    ... okay on input line 45.
LaTeX Font Info:    Checking defaults for OMS/cmsy/m/n on input line 45.
LaTeX Font Info:    ... okay on input line 45.
LaTeX Font Info:    Checking defaults for OMX/cmex/m/n on input line 45.
LaTeX Font Info:    ... okay on input line 45.
LaTeX Font Info:    Checking defaults for U/cmr/m/n on input line 45.
LaTeX Font Info:    ... okay on input line 45.

(/usr/share/texlive/texmf-dist/tex/context/base/mkii/supp-pdf.mkii
[Loading MPS to PDF converter (version 2006.09.02).]
\scratchcounter=\count96
\scratchdimen=\dimen109
\scratchbox=\box30
\nofMPsegments=\count97
\nofMParguments=\count98
\everyMPshowfont=\toks18
\MPscratchCnt=\count99
\MPscratchDim=\dimen110
\MPnumerator=\count100
\makeMPintoPDFobject=\count101
\everyMPtoPDFconversion=\toks19
) (/usr/share/texlive/texmf-dist/tex/latex/oberdiek/epstopdf-base.sty
Package: epstopdf-base 2016/05/15 v2.6 Base part for package epstopdf

(/usr/share/texlive/texmf-dist/tex/generic/oberdiek/infwarerr.sty
Package: infwarerr 2016/05/16 v1.4 Providing info/warning/error messages (HO)
)
(/usr/share/texlive/texmf-dist/tex/latex/oberdiek/grfext.sty
Package: grfext 2016/05/16 v1.2 Manage graphics extensions (HO)

(/usr/share/texlive/texmf-dist/tex/generic/oberdiek/kvdefinekeys.sty
Package: kvdefinekeys 2016/05/16 v1.4 Define keys (HO)

(/usr/share/texlive/texmf-dist/tex/generic/oberdiek/ltxcmds.sty
Package: ltxcmds 2016/05/16 v1.23 LaTeX kernel commands for general use (HO)
)))
(/usr/share/texlive/texmf-dist/tex/latex/oberdiek/kvoptions.sty
Package: kvoptions 2016/05/16 v3.12 Key value format for package options (HO)

(/usr/share/texlive/texmf-dist/tex/generic/oberdiek/kvsetkeys.sty
Package: kvsetkeys 2016/05/16 v1.17 Key value parser (HO)

(/usr/share/texlive/texmf-dist/tex/generic/oberdiek/etexcmds.sty
Package: etexcmds 2016/05/16 v1.6 Avoid name clashes with e-TeX commands (HO)

(/usr/share/texlive/texmf-dist/tex/generic/oberdiek/ifluatex.sty
Package: ifluatex 2016/05/16 v1.4 Provides the ifluatex switch (HO)
Package ifluatex Info: LuaTeX not detected.
)
Package etexcmds Info: Could not find \expanded.
(etexcmds)             That can mean that you are not using pdfTeX 1.50 or
(etexcmds)             that some package has redefined \expanded.
(etexcmds)             In the latter case, load this package earlier.
)))
(/usr/share/texlive/texmf-dist/tex/generic/oberdiek/pdftexcmds.sty
Package: pdftexcmds 2018/01/21 v0.26 Utility functions of pdfTeX for LuaTeX (HO
)

(/usr/share/texlive/texmf-dist/tex/generic/oberdiek/ifpdf.sty
Package: ifpdf 2017/03/15 v3.2 Provides the ifpdf switch
)
Package pdftexcmds Info: LuaTeX not detected.
Package pdftexcmds Info: \pdf@primitive is available.
Package pdftexcmds Info: \pdf@ifprimitive is available.
Package pdftexcmds Info: \pdfdraftmode found.
)
Package epstopdf-base Info: Redefining graphics rule for `.eps' on input line 4
38.
Package grfext Info: Graphics extension search list:
(grfext)             [.pdf,.png,.jpg,.mps,.jpeg,.jbig2,.jb2,.PDF,.PNG,.JPG,.JPE
G,.JBIG2,.JB2,.eps]
(grfext)             \AppendGraphicsExtensions on input line 456.

(/usr/share/texlive/texmf-dist/tex/latex/latexconfig/epstopdf-sys.cfg
File: epstopdf-sys.cfg 2010/07/13 v1.3 Configuration of (r)epstopdf for TeX Liv
e
))
\c@lstlisting=\count102
LaTeX Font Info:    External font `cmex10' loaded for size
(Font)              <12> on input line 47.
LaTeX Font Info:    External font `cmex10' loaded for size
(Font)              <8> on input line 47.
LaTeX Font Info:    External font `cmex10' loaded for size
(Font)              <6> on input line 47.

[1

{/var/lib/texmf/fonts/map/pdftex/updmap/pdftex.map}]
<resources/stream_console_out.png, id=9, 806.01125pt x 105.39375pt>
File: resources/stream_console_out.png Graphic file (type png)
<use resources/stream_console_out.png>
Package pdftex.def Info: resources/stream_console_out.png  used on input line 8
9.
(pdftex.def)             Requested size: 403.00464pt x 52.69673pt.

Overfull \hbox (43.00464pt too wide) in paragraph at lines 89--90
[][] 
 []

<resources/unparsedURLs.png, id=10, 312.16624pt x 197.73875pt>
File: resources/unparsedURLs.png Graphic file (type png)
<use resources/unparsedURLs.png>
Package pdftex.def Info: resources/unparsedURLs.png  used on input line 93.
(pdftex.def)             Requested size: 249.73334pt x 158.19121pt.

Overfull \hbox (20.92154pt too wide) in paragraph at lines 87--96
  \OT1/cmr/m/n/10.95 MyS-tream-Lis-tener func-tions as the 'on data' lis-tener 
for the tweepy.Stream
 []

[1] [2 <./resources/stream_console_out.png> <./resources/unparsedURLs.png>]
[3]
<resources/urlCheckConsole.png, id=22, 688.5725pt x 315.1775pt>
File: resources/urlCheckConsole.png Graphic file (type png)
<use resources/urlCheckConsole.png>
Package pdftex.def Info: resources/urlCheckConsole.png  used on input line 149.

(pdftex.def)             Requested size: 344.2854pt x 157.58836pt.
<resources/urlCheckOut.png, id=23, 846.16125pt x 138.5175pt>
File: resources/urlCheckOut.png Graphic file (type png)
<use resources/urlCheckOut.png>
Package pdftex.def Info: resources/urlCheckOut.png  used on input line 153.
(pdftex.def)             Requested size: 338.45851pt x 55.406pt.
 [4 <./resources/urlCheckConsole.png> <./resources/urlCheckOut.png>]
<resources/urlCleanFile.png, id=27, 837.1275pt x 233.87375pt>
File: resources/urlCleanFile.png Graphic file (type png)
<use resources/urlCleanFile.png>
Package pdftex.def Info: resources/urlCleanFile.png  used on input line 183.
(pdftex.def)             Requested size: 418.56273pt x 116.93657pt.

Overfull \hbox (58.56273pt too wide) in paragraph at lines 183--184
[][] 
 []


LaTeX Warning: `!h' float specifier changed to `!ht'.

[5]
Overfull \hbox (2.82082pt too wide) in paragraph at lines 205--206
[][][][][][][][][][][][][][][]  
 []

[6 <./resources/urlCleanFile.png>]
<resources/memgator_console.png, id=35, 898.35625pt x 127.47626pt>
File: resources/memgator_console.png Graphic file (type png)
<use resources/memgator_console.png>
Package pdftex.def Info: resources/memgator_console.png  used on input line 215
.
(pdftex.def)             Requested size: 449.17702pt x 63.73796pt.

Overfull \hbox (89.17702pt too wide) in paragraph at lines 215--216
[][] 
 []

<resources/memgator_out.png, id=36, 849.1725pt x 362.35374pt>
File: resources/memgator_out.png Graphic file (type png)
<use resources/memgator_out.png>
Package pdftex.def Info: resources/memgator_out.png  used on input line 219.
(pdftex.def)             Requested size: 424.5852pt x 181.17642pt.

Overfull \hbox (64.5852pt too wide) in paragraph at lines 219--220
[][] 
 []

[7 <./resources/memgator_console.png> <./resources/memgator_out.png>]
<resources/carbon_console.png, id=40, 861.2175pt x 92.345pt>
File: resources/carbon_console.png Graphic file (type png)
<use resources/carbon_console.png>
Package pdftex.def Info: resources/carbon_console.png  used on input line 250.
(pdftex.def)             Requested size: 430.6077pt x 46.17238pt.

Overfull \hbox (70.6077pt too wide) in paragraph at lines 250--251
[][] 
 []

<resources/carbon_out.png, id=41, 875.27pt x 589.20125pt>
File: resources/carbon_out.png Graphic file (type png)
<use resources/carbon_out.png>
Package pdftex.def Info: resources/carbon_out.png  used on input line 255.
(pdftex.def)             Requested size: 437.63393pt x 294.5999pt.

Overfull \hbox (77.63393pt too wide) in paragraph at lines 255--256
[][] 
 []


LaTeX Warning: `!h' float specifier changed to `!ht'.


LaTeX Warning: `!h' float specifier changed to `!ht'.

<resources/memento_count__vs__URI_count.png, id=42, 642.4pt x 481.8pt>
File: resources/memento_count__vs__URI_count.png Graphic file (type png)
<use resources/memento_count__vs__URI_count.png>
Package pdftex.def Info: resources/memento_count__vs__URI_count.png  used on in
put line 261.
(pdftex.def)             Requested size: 385.44298pt x 289.08221pt.

Overfull \hbox (25.44298pt too wide) in paragraph at lines 261--262
[][] 
 []

<resources/scatter_50k.png, id=43, 642.4pt x 481.8pt>
File: resources/scatter_50k.png Graphic file (type png)
<use resources/scatter_50k.png>
Package pdftex.def Info: resources/scatter_50k.png  used on input line 266.
(pdftex.def)             Requested size: 385.44298pt x 289.08221pt.

Overfull \hbox (25.44298pt too wide) in paragraph at lines 266--267
[][] 
 []

[8] [9 <./resources/carbon_console.png> <./resources/carbon_out.png>]

LaTeX Warning: `!h' float specifier changed to `!ht'.

<resources/carbondate50.png, id=50, 642.4pt x 481.8pt>
File: resources/carbondate50.png Graphic file (type png)
<use resources/carbondate50.png>
Package pdftex.def Info: resources/carbondate50.png  used on input line 272.
(pdftex.def)             Requested size: 385.44298pt x 289.08221pt.

Overfull \hbox (25.44298pt too wide) in paragraph at lines 272--273
[][] 
 []

[10 <./resources/memento_count__vs__URI_count.png (PNG copy)>]

LaTeX Warning: `!h' float specifier changed to `!ht'.

[11 <./resources/scatter_50k.png (PNG copy)>] [12 <./resources/carbondate50.png
 (PNG copy)>] (./a2.aux) ) 
Here is how much of TeX's memory you used:
 3052 strings out of 494923
 44376 string characters out of 6180742
 151649 words of memory out of 5000000
 6339 multiletter control sequences out of 15000+600000
 8655 words of font info for 31 fonts, out of 8000000 for 9000
 14 hyphenation exceptions out of 8191
 41i,8n,40p,794b,1524s stack positions out of 5000i,500n,10000p,200000b,80000s
</usr/share/texlive/texmf-dist/fonts/type1/public/ams
fonts/cm/cmbx12.pfb></usr/share/texlive/texmf-dist/fonts/type1/public/amsfonts/
cm/cmcsc10.pfb></usr/share/texlive/texmf-dist/fonts/type1/public/amsfonts/cm/cm
r10.pfb></usr/share/texlive/texmf-dist/fonts/type1/public/amsfonts/cm/cmr17.pfb
></usr/share/texlive/texmf-dist/fonts/type1/public/amsfonts/cm/cmtt10.pfb>
Output written on a2.pdf (13 pages, 422369 bytes).
PDF statistics:
 79 PDF objects out of 1000 (max. 8388607)
 46 compressed objects within 1 object stream
 0 named destinations out of 1000 (max. 500000)
 61 words of extra memory for PDF output out of 10000 (max. 10000000)

